[2026-03-21 14:36:52] === LOOP STARTING ===
[2026-03-21 14:36:52] Working directory: /home/user/go/src/github.com/opd-ai/toxcore
[2026-03-21 14:36:52] Prompt directory:  /home/user/go/src/github.com/opd-ai/go-stats-generator
[2026-03-21 14:36:52] Max iterations:    50
[2026-03-21 14:36:52] --- Initialization ---
[2026-03-21 14:36:52] AUDIT.md not found — delegating BASE_AUDIT.md...
[2026-03-21 14:36:52] Delegating: BASE_AUDIT.md
[2026-03-21 14:55:07] === LOOP STARTING ===
[2026-03-21 14:55:07] Working directory: /home/user/go/src/github.com/opd-ai/toxcore
[2026-03-21 14:55:07] Prompt directory:  /home/user/go/src/github.com/opd-ai/go-stats-generator
[2026-03-21 14:55:07] Max iterations:    50
[2026-03-21 14:55:07] --- Initialization ---
[2026-03-21 14:55:07] AUDIT.md not found — delegating BASE_AUDIT.md...
[2026-03-21 14:55:07] Delegating: BASE_AUDIT.md
[2026-03-21 14:58:32] Delegation complete: BASE_AUDIT.md (exit code: 1)
[2026-03-21 14:58:32] WARNING: AUDIT.md was not created by BASE_AUDIT.md delegation.
[2026-03-21 14:58:32] PLAN.md not found — delegating MAKE_PLAN.md...
[2026-03-21 14:58:32] Delegating: MAKE_PLAN.md
[2026-03-21 15:08:55] === LOOP STARTING ===
[2026-03-21 15:08:55] Working directory: /home/user/go/src/github.com/opd-ai/toxcore
[2026-03-21 15:08:55] Prompt directory:  /home/user/go/src/github.com/opd-ai/go-stats-generator
[2026-03-21 15:08:55] Max iterations:    50
[2026-03-21 15:08:55] --- Initialization ---
[2026-03-21 15:08:55] AUDIT.md not found — delegating BASE_AUDIT.md...
[2026-03-21 15:08:55] Delegating: BASE_AUDIT.md
[2026-03-21 16:38:00] === LOOP STARTING ===
[2026-03-21 16:38:00] Working directory: /home/user/go/src/github.com/opd-ai/toxcore
[2026-03-21 16:38:00] Prompt directory:  /home/user/go/src/github.com/opd-ai/go-stats-generator
[2026-03-21 16:38:00] Max iterations:    50
[2026-03-21 16:38:00] --- Initialization ---
[2026-03-21 16:38:00] AUDIT.md not found — delegating BASE_AUDIT.md...
[2026-03-21 16:38:00] Delegating: BASE_AUDIT.md
[2026-03-21 16:49:16] Delegation complete: BASE_AUDIT.md (exit code: 141)
[2026-03-21 16:49:16] AUDIT.md created successfully.
[2026-03-21 16:49:16] PLAN.md not found — delegating MAKE_PLAN.md...
[2026-03-21 16:49:16] Delegating: MAKE_PLAN.md
[2026-03-21 16:55:26] Delegation complete: MAKE_PLAN.md (exit code: 141)
[2026-03-21 16:55:26] PLAN.md created successfully.
[2026-03-21 16:55:26] --- Entering main loop (max 50 iterations) ---
[2026-03-21 16:55:26] 
[2026-03-21 16:55:26] === Iteration 1 / 50 ===
[2026-03-21 16:55:26] Step A: Executing next task...
[2026-03-21 16:55:26] Delegating: EXECUTE.md
[2026-03-21 18:14:33] === LOOP STARTING ===
[2026-03-21 18:14:33] Working directory: /home/user/go/src/github.com/opd-ai/toxcore
[2026-03-21 18:14:33] Prompt directory:  /home/user/go/src/github.com/opd-ai/go-stats-generator
[2026-03-21 18:14:33] Max iterations:    50
[2026-03-21 18:14:33] --- Initialization ---
[2026-03-21 18:14:33] AUDIT.md already exists — skipping BASE_AUDIT.md.
[2026-03-21 18:14:33] PLAN.md already exists — skipping MAKE_PLAN.md.
[2026-03-21 18:14:33] --- Entering main loop (max 50 iterations) ---
[2026-03-21 18:14:33] 
[2026-03-21 18:14:33] === Iteration 1 / 50 ===
[2026-03-21 18:14:33] Step A: Executing next task...
[2026-03-21 18:14:33] Delegating: EXECUTE.md
